d:\here! dumbass\bth\kurser\dv1541 3d-programmering\project\3d proj\3d_proj\debug\geometryshader.cso
d:\here! dumbass\bth\kurser\dv1541 3d-programmering\project\3d proj\3d_proj\debug\fragmentshader.cso
d:\here! dumbass\bth\kurser\dv1541 3d-programmering\project\3d proj\3d_proj\debug\vertexshader.cso
d:\here! dumbass\bth\kurser\dv1541 3d-programmering\project\3d proj\3d_proj\3d_proj\debug\vc140.pdb
d:\here! dumbass\bth\kurser\dv1541 3d-programmering\project\3d proj\3d_proj\3d_proj\debug\vc140.idb
d:\here! dumbass\bth\kurser\dv1541 3d-programmering\project\3d proj\3d_proj\3d_proj\debug\directx_core.nativecodeanalysis.xml
d:\here! dumbass\bth\kurser\dv1541 3d-programmering\project\3d proj\3d_proj\3d_proj\debug\inputmanager.nativecodeanalysis.xml
d:\here! dumbass\bth\kurser\dv1541 3d-programmering\project\3d proj\3d_proj\3d_proj\debug\main.nativecodeanalysis.xml
d:\here! dumbass\bth\kurser\dv1541 3d-programmering\project\3d proj\3d_proj\3d_proj\debug\obj.nativecodeanalysis.xml
d:\here! dumbass\bth\kurser\dv1541 3d-programmering\project\3d proj\3d_proj\3d_proj\debug\plugin.nativecodeanalysis.xml
d:\here! dumbass\bth\kurser\dv1541 3d-programmering\project\3d proj\3d_proj\3d_proj\debug\plugin.obj
d:\here! dumbass\bth\kurser\dv1541 3d-programmering\project\3d proj\3d_proj\3d_proj\debug\obj.obj
d:\here! dumbass\bth\kurser\dv1541 3d-programmering\project\3d proj\3d_proj\3d_proj\debug\main.obj
d:\here! dumbass\bth\kurser\dv1541 3d-programmering\project\3d proj\3d_proj\3d_proj\debug\inputmanager.obj
d:\here! dumbass\bth\kurser\dv1541 3d-programmering\project\3d proj\3d_proj\3d_proj\debug\directx_core.obj
d:\here! dumbass\bth\kurser\dv1541 3d-programmering\project\3d proj\3d_proj\debug\3d_proj.ilk
d:\here! dumbass\bth\kurser\dv1541 3d-programmering\project\3d proj\3d_proj\debug\3d_proj.exe
d:\here! dumbass\bth\kurser\dv1541 3d-programmering\project\3d proj\3d_proj\debug\3d_proj.pdb
d:\here! dumbass\bth\kurser\dv1541 3d-programmering\project\3d proj\3d_proj\3d_proj\debug\obj.obj.enc
d:\here! dumbass\bth\kurser\dv1541 3d-programmering\project\3d proj\3d_proj\3d_proj\debug\nativecodeanalysis.read.1.tlog
d:\here! dumbass\bth\kurser\dv1541 3d-programmering\project\3d proj\3d_proj\3d_proj\debug\vc.nativecodeanalysis.all.xml
d:\here! dumbass\bth\kurser\dv1541 3d-programmering\project\3d proj\3d_proj\debug\3d_proj.exe.lastcodeanalysissucceeded
d:\here! dumbass\bth\kurser\dv1541 3d-programmering\project\3d proj\3d_proj\3d_proj\debug\3d_proj.tlog\3d_proj.write.1u.tlog
d:\here! dumbass\bth\kurser\dv1541 3d-programmering\project\3d proj\3d_proj\3d_proj\debug\3d_proj.tlog\cl.command.1.tlog
d:\here! dumbass\bth\kurser\dv1541 3d-programmering\project\3d proj\3d_proj\3d_proj\debug\3d_proj.tlog\cl.read.1.tlog
d:\here! dumbass\bth\kurser\dv1541 3d-programmering\project\3d proj\3d_proj\3d_proj\debug\3d_proj.tlog\cl.write.1.tlog
d:\here! dumbass\bth\kurser\dv1541 3d-programmering\project\3d proj\3d_proj\3d_proj\debug\3d_proj.tlog\fxc.command.1.tlog
d:\here! dumbass\bth\kurser\dv1541 3d-programmering\project\3d proj\3d_proj\3d_proj\debug\3d_proj.tlog\fxc.read.1.tlog
d:\here! dumbass\bth\kurser\dv1541 3d-programmering\project\3d proj\3d_proj\3d_proj\debug\3d_proj.tlog\fxc.write.1.tlog
d:\here! dumbass\bth\kurser\dv1541 3d-programmering\project\3d proj\3d_proj\3d_proj\debug\3d_proj.tlog\link.command.1.tlog
d:\here! dumbass\bth\kurser\dv1541 3d-programmering\project\3d proj\3d_proj\3d_proj\debug\3d_proj.tlog\link.read.1.tlog
d:\here! dumbass\bth\kurser\dv1541 3d-programmering\project\3d proj\3d_proj\3d_proj\debug\3d_proj.tlog\link.write.1.tlog
